1638247204 48 98
1638247204 48 98 48 98
1638246904 49 98 49 98
1638246900 49 98 49 98
1638246600 49 98 49 98
1638246300 49 98 49 98
1638246000 49 97 49 98
1638245700 49 97 49 97
1638245400 49 97 49 97
1638245100 49 97 50 97
1638244800 50 96 50 97
1638244500 50 96 50 96
1638244200 50 95 50 96
1638243900 49 95 50 95
1638243600 49 95 50 95
1638243300 50 94 50 95
1638243000 50 94 50 94
1638242700 50 94 50 94
1638242400 50 94 50 94
1638242100 50 93 50 94
1638241800 50 93 50 93
1638241500 50 93 50 93
1638241200 50 93 50 93
1638240900 50 93 51 93
1638240600 51 92 51 93
1638240300 50 92 51 92
1638240000 50 91 51 92
1638239700 51 91 51 91
1638239400 51 91 51 91
1638239100 51 90 51 91
1638238800 51 90 51 90
1638238500 51 90 51 90
1638238200 51 89 51 90
1638237900 51 89 52 89
1638237600 51 89 52 89
1638237300 51 88 51 89
1638237000 51 88 52 88
1638236700 52 88 52 88
1638236400 52 87 52 88
1638236100 52 87 52 87
1638235800 52 86 52 87
1638235500 52 86 52 86
1638235200 52 85 53 86
1638234900 52 85 53 85
1638234600 52 85 52 85
1638234300 52 84 53 85
1638234000 53 84 53 84
1638233700 53 83 53 84
1638233400 53 83 53 83
1638233100 53 82 53 83
1638232800 53 82 53 82
1638232500 53 81 53 82
1638232200 53 81 54 81
1638231900 54 80 54 81
1638231600 54 80 54 80
1638231300 54 79 54 80
1638231000 54 79 54 79
1638230700 54 78 55 79
1638230400 55 78 56 78
1638230100 56 77 56 78
1638229800 56 77 56 77
1638229500 56 76 56 77
1638229200 56 75 57 76
1638228900 57 75 57 75
1638228600 57 74 57 75
1638228300 57 74 57 74
1638228000 57 73 58 74
1638227700 58 72 58 73
1638227400 58 72 59 72
1638227100 59 72 60 72
1638226800 60 72 61 72
1638226500 61 72 61 72
1638226200 61 72 62 72
1638225900 62 72 63 72
1638225600 63 72 65 72
1638225300 65 72 65 72
1638225000 65 72 65 72
1638224700 65 72 66 72
1638224400 66 72 67 72
1638224100 67 72 67 72
1638223800 67 72 68 73
1638223500 68 73 68 73
1638223200 68 73 69 73
1638222900 69 73 69 73
1638222600 69 73 69 73
1638222300 69 73 69 73
1638222000 69 73 70 73
1638221700 69 73 70 73
1638221400 69 73 69 73
1638221100 69 73 69 73
1638220800 69 73 70 73
1638220500 70 73 70 73
1638220200 70 73 70 73
1638219900 69 73 70 73
1638219600 69 73 70 73
1638219300 70 73 70 73
1638219000 70 73 70 73
1638218700 70 73 70 73
1638218400 70 73 70 73
1638218100 70 73 71 73
1638217800 70 73 71 73
1638217500 70 73 70 73
1638217200 70 73 70 73
1638216900 70 73 71 73
1638216600 70 73 71 73
1638216300 70 73 70 73
1638216000 70 73 71 73
1638215700 71 73 71 73
1638215400 71 73 71 73
1638215100 71 73 71 73
1638214800 71 73 71 73
1638214500 71 73 72 73
1638214200 72 73 72 73
1638213900 72 73 72 73
1638213600 72 73 73 73
1638213300 73 73 74 73
1638213000 73 73 74 73
1638212700 72 73 74 73
1638212400 74 73 74 73
1638212100 74 73 74 73
1638211800 73 73 74 73
1638211500 73 73 73 73
1638211200 72 73 73 73
1638210900 72 73 73 73
1638210600 73 73 73 73
1638210300 72 73 73 73
1638210000 72 73 72 73
1638209700 72 73 72 73
1638209400 72 73 72 73
1638209100 72 73 72 73
1638208800 72 73 72 73
1638208500 71 73 72 73
1638208200 71 73 71 73
1638207900 71 73 71 73
1638207600 71 73 71 73
1638207300 71 73 71 73
1638207000 71 73 71 73
1638206700 71 73 71 73
1638206400 71 73 71 73
1638206100 71 73 71 73
1638205800 71 73 71 73
1638205500 70 73 71 73
1638205200 70 73 71 73
1638204900 70 73 71 73
1638204600 70 73 71 73
1638204300 70 73 71 73
1638204000 70 73 71 73
1638203700 71 73 71 73
1638203400 70 73 71 73
1638203100 69 73 69 73
1638202800 68 73 69 73
1638202500 68 73 68 73
1638202200 67 73 68 73
1638201900 67 73 67 73
1638201600 66 73 67 73
1638201300 65 73 66 73
1638201000 64 73 65 73
1638200700 64 73 64 73
1638200400 63 73 64 73
1638200100 61 73 62 73
1638199800 59 73 60 73
1638199500 57 73 58 73
1638199200 55 73 56 74
1638198900 53 74 54 74
1638198600 52 74 53 74
1638198300 51 74 52 74
1638198000 50 74 51 74
1638197700 49 74 50 74
1638197400 48 74 49 74
1638197100 47 74 48 74
1638196800 46 74 47 74
1638196500 46 74 46 74
1638196200 45 74 46 74
1638195900 44 74 45 74
1638195600 44 74 44 75
1638195300 43 75 44 75
1638195000 43 75 43 75
1638194700 42 75 43 75
1638194400 41 75 42 75
1638194100 41 75 41 75
1638193800 41 75 41 75
1638193500 41 75 41 75
1638193200 41 75 41 76
1638192900 41 76 41 76
1638192600 41 76 41 76
1638192300 41 76 41 76
1638192000 40 76 41 76
1638191700 40 76 41 76
1638191400 41 76 41 76
1638191100 41 76 41 77
1638190800 41 77 41 77
1638190500 41 77 41 77
1638190200 41 77 41 77
1638189900 41 77 41 77
1638189600 41 77 41 77
1638189300 41 77 41 78
1638189000 41 78 41 78
1638188700 41 78 41 78
1638188400 41 78 41 78
1638188100 41 78 41 78
1638187800 41 78 41 78
1638187500 41 78 41 79
1638187200 41 79 41 79
1638186900 41 79 41 79
1638186600 41 79 41 79
1638186300 41 79 41 79
1638186000 41 79 41 79
1638185700 41 79 41 80
1638185400 41 80 42 80
1638185100 42 80 42 80
1638184800 42 80 42 80
1638184500 42 80 42 80
1638184200 42 80 42 81
1638183900 42 81 42 81
1638183600 42 81 42 81
1638183300 42 81 42 81
1638183000 42 81 42 81
1638182700 42 81 42 82
1638182400 42 82 42 82
1638182100 42 82 42 82
1638181800 42 82 42 82
1638181500 42 82 42 82
1638181200 42 82 42 83
1638180900 42 83 42 83
1638180600 42 83 42 83
1638180300 42 83 43 83
1638180000 43 83 43 83
1638179700 43 83 43 84
1638179400 43 84 43 84
1638179100 43 84 43 84
1638178800 43 84 43 84
1638178500 43 84 43 84
1638178200 43 84 43 85
1638177900 43 85 43 85
1638177600 43 85 43 85
1638177300 43 85 43 85
1638177000 43 85 43 86
1638176700 43 86 43 86
1638176400 43 86 43 86
1638176100 43 86 43 86
1638175800 43 86 43 86
1638175500 43 86 43 87
1638175200 43 87 43 87
1638174900 43 87 43 87
1638174600 43 87 43 87
1638174300 43 87 43 88
1638174000 43 88 43 88
1638173700 43 88 43 88
1638173400 43 88 43 88
1638173100 43 88 43 89
1638172800 43 89 43 89
1638172500 43 89 43 89
1638172200 43 89 43 89
1638171900 43 89 43 90
1638171600 43 90 43 90
1638171300 43 90 43 90
1638171000 43 90 44 90
1638170700 43 90 44 91
1638170400 43 91 43 91
1638170100 43 91 44 91
1638169800 44 91 44 92
1638169500 44 92 44 92
1638169200 44 92 44 92
1638168900 44 92 44 93
1638168600 44 93 44 93
1638168300 44 93 44 93
1638168000 44 93 44 93
1638167700 44 93 44 94
1638167400 44 94 44 94
1638167100 44 94 44 94
1638166800 44 94 44 95
1638166500 44 95 44 95
1638166200 44 95 44 95
1638165900 44 95 44 96
1638165600 44 96 44 96
1638165300 44 96 45 96
1638165000 45 96 45 97
1638164700 45 97 45 97
1638164400 45 97 45 97
1638164100 45 97 45 98
1638163800 45 98 46 98
1638163500 46 98 46 99
1638163200 46 99 46 99
1638162900 46 99 46 99
1638162600 46 99 46 99
1638162300 46 99 46 99
1638162000 46 99 46 99
1638161700 46 98 47 99
1638161400 47 98 47 98
1638161100 47 98 47 98
1638160800 47 98 47 98
1638160500 46 98 47 98
1638160200 46 97 47 98
1638159900 47 97 47 97
1638159600 47 97 47 97
1638159300 47 96 47 97
1638159000 47 96 47 96
1638158700 47 96 47 96
1638158400 47 95 48 96
1638158100 47 95 48 95
1638157800 47 94 48 95
1638157500 48 94 48 95
1638157200 47 94 48 95
1638156900 47 94 47 94
1638156600 47 93 48 94
1638156300 48 93 48 93
1638156000 48 92 48 93
1638155700 48 92 48 92
1638155400 48 92 48 92
1638155100 48 91 48 92
1638154800 48 91 48 91
1638154500 48 91 48 91
1638154200 48 90 48 91
1638153900 48 90 48 90
1638153600 48 89 48 90
1638153300 48 89 48 89
1638153000 48 88 48 89
1638152700 48 88 48 88
1638152400 48 88 48 88
1638152100 48 87 49 88
1638151800 49 87 49 87
1638151500 49 87 49 87
1638151200 49 86 49 87
1638150900 49 86 49 86
1638150600 49 85 49 86
1638150300 49 85 49 85
1638150000 49 85 49 85
1638149700 49 84 50 85
1638149400 49 83 50 84
1638149100 49 83 49 83
1638148800 49 83 50 83
1638148500 50 82 50 83
1638148200 50 82 50 82
1638147900 50 81 50 82
1638147600 50 81 50 81
1638147300 50 80 50 81
1638147000 50 80 50 80
1638146700 50 79 51 80
1638146400 51 79 51 79
1638146100 51 78 51 79
1638145800 51 78 51 78
1638145500 51 77 51 78
1638145200 51 77 52 77
1638144900 52 76 52 77
1638144600 52 76 52 76
1638144300 52 75 52 76
1638144000 52 74 53 75
1638143700 53 74 53 74
1638143400 53 73 53 74
1638143100 53 73 54 73
1638142800 54 72 54 73
1638142500 54 71 54 72
1638142200 54 71 54 71
1638141900 54 70 55 71
1638141600 55 70 55 70
1638141300 55 69 55 70
1638141000 55 69 56 69
1638140700 56 69 57 69
1638140400 57 69 57 69
1638140100 57 69 57 69
1638139800 57 69 58 69
1638139500 58 69 58 69
1638139200 58 69 58 69
1638138900 58 69 58 69
1638138600 58 69 59 69
1638138300 59 69 59 69
1638138000 59 69 59 69
1638137700 59 69 59 69
1638137400 59 69 60 69
1638137100 60 69 60 69
1638136800 60 69 60 69
1638136500 59 69 60 69
1638136200 59 69 59 69
1638135900 59 69 59 69
1638135600 59 69 59 69
1638135300 59 69 59 69
1638135000 59 69 59 69
1638134700 59 69 59 69
1638134400 58 69 59 69
1638134100 58 69 58 69
1638133800 58 69 58 69
1638133500 58 69 58 69
1638133200 58 69 58 69
1638132900 58 69 59 69
1638132600 59 69 59 69
1638132300 58 69 59 69
1638132000 58 69 58 69
1638131700 58 69 58 70
1638131400 58 70 58 70
1638131100 58 70 58 70
1638130800 58 70 59 70
1638130500 58 70 59 70
1638130200 58 70 58 70
1638129900 58 70 58 70
1638129600 58 70 58 70
1638129300 58 70 58 70
1638129000 58 70 58 70
1638128700 58 70 58 70
1638128400 58 70 58 70
1638128100 58 70 58 70
1638127800 58 70 58 70
1638127500 58 70 58 70
1638127200 58 70 58 70
1638126900 58 70 58 70
1638126600 58 70 58 70
1638126300 58 70 58 70
1638126000 58 70 58 70
1638125700 58 70 58 70
1638125400 58 70 58 70
1638125100 58 70 58 70
1638124800 58 70 59 70
1638124500 59 70 59 70
1638124200 59 70 59 70
1638123900 59 70 59 70
1638123600 59 70 59 70
1638123300 58 70 59 70
1638123000 57 70 58 70
1638122700 57 70 57 70
1638122400 57 70 58 70
1638122100 57 70 58 70
1638121800 57 70 57 70
1638121500 57 70 57 70
1638121200 57 70 58 70
1638120900 57 70 58 70
1638120600 57 70 57 71
1638120300 56 71 57 71
1638120000 56 71 56 71
1638119700 56 71 56 71
1638119400 56 71 56 71
1638119100 56 71 56 71
1638118800 56 71 56 71
1638118500 56 71 56 71
1638118200 55 71 56 71
1638117900 55 71 55 71
1638117600 55 71 56 71
1638117300 55 71 56 71
1638117000 55 71 56 71
1638116700 55 71 56 71
1638116400 55 71 55 71
1638116100 55 71 55 71
1638115800 55 71 55 71
1638115500 55 71 55 71
1638115200 55 71 55 71
1638114900 55 71 55 71
1638114600 55 71 56 71
1638114300 56 71 56 71
1638114000 55 71 56 71
1638113700 55 71 55 71
1638113400 55 71 55 72
1638113100 55 72 55 72
1638112800 54 72 55 72
1638112500 54 72 54 72
1638112200 54 72 54 72
1638111900 54 72 54 72
1638111600 54 72 54 72
1638111300 54 72 54 72
1638111000 54 72 54 72
1638110700 54 72 54 72
1638110400 54 72 54 72
1638110100 54 72 54 72
1638109800 53 72 54 72
1638109500 53 72 53 72
1638109200 53 72 53 72
1638108900 53 72 53 72
1638108600 53 72 53 72
1638108300 53 72 53 72
1638108000 53 72 53 72
1638107700 53 72 53 72
1638107400 53 72 53 73
1638107100 53 73 53 73
1638106800 53 73 53 73
1638106500 53 73 53 73
1638106200 53 73 53 73
1638105900 53 73 53 73
1638105600 53 73 53 73
1638105300 53 73 53 73
1638105000 53 73 53 73
1638104700 53 73 53 73
1638104400 53 73 53 73
1638104100 53 73 53 73
1638103800 53 73 53 73
1638103500 53 73 53 73
1638103200 53 73 53 74
1638102900 53 74 53 74
1638102600 52 74 53 74
1638102300 52 74 52 74
1638102000 52 74 52 74
1638101700 52 74 52 74
1638101400 52 74 52 74
1638101100 52 74 52 74
1638100800 52 74 52 74
1638100500 52 74 53 74
1638100200 52 74 53 74
1638099900 52 74 52 74
1638099600 52 74 52 74
1638099300 52 74 52 74
1638099000 52 74 52 75
1638098700 52 75 52 75
1638098400 52 75 53 75
1638098100 53 75 53 75
1638097800 53 75 53 75
1638097500 53 75 53 75
1638097200 53 75 53 75
1638096900 53 75 53 75
1638096600 53 75 53 75
1638096300 53 75 53 75
1638096000 53 75 53 75
1638095700 53 75 53 75
1638095400 53 75 53 75
1638095100 53 75 53 76
1638094800 53 76 53 76
1638094500 53 76 53 76
1638094200 53 76 53 76
1638093900 53 76 53 76
1638093600 53 76 53 76
1638093300 53 76 53 76
1638093000 53 76 53 76
1638092700 53 76 53 76
1638092400 53 76 53 76
1638092100 53 76 53 76
1638091800 53 76 53 76
1638091500 53 76 53 76
1638091200 53 76 53 77
1638090900 53 77 53 77
1638090600 53 77 53 77
1638090300 53 77 53 77
1638090000 53 77 53 77
1638089700 53 77 53 77
1638089400 52 77 53 77
1638089100 52 77 52 77
1638088800 52 77 52 77
1638088500 52 77 52 77
1638088200 52 77 52 77
1638087900 52 77 53 78
1638087600 52 78 53 78
1638087300 52 78 52 78
1638087000 52 78 52 78
1638086700 52 78 52 78
1638086400 52 78 52 78
1638086100 52 78 52 78
1638085800 52 78 52 78
1638085500 52 78 52 78
1638085200 52 78 52 78
1638084900 52 78 52 79
1638084600 52 79 52 79
1638084300 52 79 52 79
1638084000 52 79 52 79
1638083700 52 79 52 79
1638083400 52 79 52 79
1638083100 52 79 52 79
1638082800 52 79 52 79
1638082500 52 79 52 79
1638082200 52 79 52 79
1638081900 52 79 52 79
1638081600 52 79 52 80
1638081300 52 80 52 80
1638081000 52 80 52 80
1638080700 52 80 52 80
1638080400 52 80 52 80
1638080100 52 80 52 80
1638079800 52 80 52 80
1638079500 52 80 52 80
1638079200 52 80 52 81
1638078900 52 81 52 81
1638078600 52 81 52 81
1638078300 52 81 52 81
1638078000 52 81 52 81
1638077700 52 81 52 81
1638077400 52 81 52 81
1638077100 52 81 52 82
1638076800 52 82 52 82
1638076500 52 82 52 82
1638076200 52 82 52 82
1638075900 52 82 52 82
1638075600 52 82 52 82
1638075300 52 82 52 82
1638075000 52 82 52 82
1638074700 52 82 52 83
1638074400 52 83 52 83
1638074100 52 83 52 83
1638073800 52 83 52 83
1638073500 52 83 52 83
1638073200 52 83 52 83
1638072900 52 83 52 84
1638072600 52 84 52 84
1638072300 52 84 52 84
1638072000 52 84 52 84
1638071700 52 84 52 84
1638071400 52 84 52 84
1638071100 52 84 52 84
1638070800 51 84 52 85
1638070500 51 85 52 85
1638070200 52 85 52 85
1638069900 51 85 52 85
1638069600 51 85 52 85
1638069300 52 85 52 85
1638069000 51 85 52 86
1638068700 51 86 51 86
1638068400 51 86 51 86
1638068100 51 86 52 86
1638067800 52 86 52 86
1638067500 51 86 52 86
1638067200 51 86 51 87
1638066600 51 87 51 88
1638064800 51 88 51 89
1638063000 51 89 51 90
1638061200 51 90 51 92
1638059400 51 92 51 93
1638057600 51 93 53 95
1638055800 53 95 54 95
1638054000 54 95 56 95
1638052200 56 95 57 95
1638050400 57 95 60 95
1638048600 60 95 60 95
1638046800 60 95 61 95
1638045000 60 95 62 95
1638043200 61 95 61 95
1638041400 61 95 62 95
1638039600 62 95 63 95
1638037800 60 95 63 95
1638036000 58 95 61 96
1638034200 57 96 59 97
1638032400 56 97 57 99
1638030600 55 99 57 100
1638028800 53 100 55 100
1638027000 52 100 53 100
1638025200 51 100 52 100
1638023400 50 100 51 100
1638021600 50 100 51 100
1638019800 50 100 50 100
1638018000 49 100 50 100
1638016200 49 100 50 100
1638014400 49 100 50 100
1638012600 49 100 49 100
1638010800 48 100 49 100
1638009000 49 100 49 100
1638007200 48 100 49 100
1638005400 48 100 48 100
1638003600 48 100 48 100
1638001800 47 100 48 100
1638000000 47 100 48 100
1637998200 47 100 48 100
1637996400 47 100 48 100
1637994600 47 100 48 100
1637992800 47 100 48 100
1637991000 47 100 48 100
1637989200 48 99 48 100
1637987400 48 97 49 99
1637985600 48 94 49 97
1637983800 49 90 49 94
1637982000 49 86 49 90
1637980200 48 82 49 86
1637978400 49 76 50 82
1637976600 50 71 50 71
1637974800 50 67 50 71
1637973000 49 61 50 67
1637971200 48 61 49 61
1637969400 49 61 52 61
1637967600 52 61 54 61
1637965800 54 61 55 61
1637964000 55 61 56 61
1637962200 56 61 57 61
1637960400 57 61 57 61
1637958600 57 61 57 61
1637956800 56 61 57 61
1637955000 56 61 57 61
1637953200 57 61 58 61
1637951400 55 61 57 61
1637949600 53 61 57 61
1637947800 53 61 55 61
1637946000 55 61 57 61
1637944200 53 61 57 61
1637942400 54 61 55 61
1637940600 47 61 53 61
1637938800 45 61 47 61
1637937000 43 61 45 61
1637935200 43 61 43 61
1637933400 42 61 43 61
1637931600 42 61 42 62
1637929800 42 62 43 62
1637928000 43 62 43 62
1637926200 43 62 44 63
1637924400 44 63 44 63
1637922600 44 63 45 63
1637920800 45 63 46 64
1637919000 45 64 46 64
1637917200 46 64 47 64
1637915400 47 64 48 64
1637913600 48 64 49 65
1637911800 49 65 49 65
1637910000 49 65 50 65
1637908200 50 65 50 66
1637906400 50 66 51 66
1637904600 51 66 51 66
1637902800 51 66 52 66
1637901000 52 66 52 67
1637899200 52 67 53 67
1637897400 53 67 53 67
1637895600 53 67 54 67
1637893800 53 67 54 68
1637892000 54 68 54 68
1637890200 54 68 54 68
1637888400 54 68 54 68
1637886600 54 68 55 69
1637884800 54 69 55 69
1637883000 55 69 55 69
1637881200 55 69 56 70
1637879400 56 70 56 70
1637877600 56 70 56 70
1637875800 56 70 57 70
1637874000 56 70 57 70
1637872200 56 70 57 71
1637870400 57 71 58 71
1637868600 58 71 58 71
1637866800 58 71 59 71
1637865000 58 71 60 72
1637863200 60 72 62 72
1637861400 62 72 67 72
1637859600 67 72 67 72
1637857800 67 72 68 72
1637856000 68 72 68 72
1637854200 67 72 68 72
1637852400 67 72 68 72
1637850600 68 72 68 72
1637848800 67 72 68 72
1637847000 66 72 67 72
1637845200 65 72 66 72
1637843400 65 72 66 72
1637841600 65 72 66 72
1637839800 65 72 66 72
1637838000 65 72 65 72
1637836200 65 72 66 72
1637834400 65 72 66 72
1637832600 66 72 67 72
1637830800 66 72 67 72
1637829000 66 72 67 72
1637827200 67 72 68 72
1637825400 68 72 69 72
1637823600 68 72 69 72
1637821800 68 72 69 72
1637820000 68 72 69 72
1637818200 67 72 68 72
1637816400 68 72 69 72
1637814600 68 72 69 72
1637812800 69 72 70 72
1637811000 70 72 70 72
1637809200 70 72 71 73
1637807400 70 72 71 73
1637805600 71 72 71 73
1637803800 71 72 71 72
1637802000 71 72 71 72
1637800200 71 72 72 72
1637798400 71 72 72 72
1637796600 72 72 72 72
1637794800 72 72 73 72
1637793000 73 72 74 72
1637791200 74 72 74 72
1637789400 74 72 76 72
1637787600 76 72 76 72
1637785800 76 72 78 72
1637784000 76 71 78 72
1637782200 75 71 77 71
1637780400 75 71 77 71
1637778600 75 71 75 72
1637776800 75 72 78 72
1637775000 78 71 79 72
1637773200 75 71 79 71
1637771400 74 71 76 71
1637769600 73 71 75 71
1637767800 67 71 73 71
1637766000 62 71 66 71
1637764200 60 71 62 72
1637762400 58 72 60 72
1637760600 55 72 58 73
1637758800 54 73 55 74
1637757000 54 74 54 74
1637755200 54 74 54 75
1637753400 53 75 54 77
1637751600 53 77 53 77
1637749800 53 77 53 79
1637748000 52 79 53 80
1637746200 52 80 52 82
1637744400 51 82 52 83
1637742600 51 83 51 85
1637740800 51 85 51 87
1637739000 51 87 51 89
1637737200 51 89 52 91
1637735400 52 91 53 92
1637733600 52 90 53 92
1637731800 53 87 54 90
1637730000 53 85 54 87
1637728200 53 82 54 85
1637726400 54 78 54 82
1637724600 54 74 54 78
1637722800 54 70 54 74
1637721000 53 68 54 70
1637719200 54 68 55 68
1637717400 55 68 56 69
1637715600 56 69 58 69
1637713800 58 69 60 70
1637712000 59 70 61 70
1637710200 61 70 63 70
1637708400 63 70 65 71
1637706600 65 71 67 71
1637704800 67 71 69 71
1637703000 69 71 70 71
1637701200 70 71 71 71
1637699400 71 71 71 71
1637697600 71 71 72 71
1637695800 71 71 74 71
1637694000 73 71 74 71
1637692200 71 71 73 71
1637690400 71 71 72 71
1637688600 70 71 71 71
1637686800 70 71 72 71
1637685000 68 71 70 72
1637683200 63 72 68 72
1637681400 56 72 63 72
1637679600 47 72 52 73
1637677800 42 73 47 74
1637676000 40 74 42 74
1637674200 40 74 40 75
1637672400 40 75 40 76
1637670600 40 76 40 78
1637668800 40 78 41 79
1637667000 40 79 41 80
1637665200 41 80 41 81
1637663400 41 81 41 83
1637661600 41 83 41 84
1637659800 41 84 42 85
1637658000 42 85 42 87
1637656200 42 87 42 89
1637654400 42 89 43 90
1637652600 43 90 43 92
1637650800 43 92 43 94
1637649000 43 94 44 96
1637647200 44 96 46 99
1637645400 46 97 46 99
1637643600 46 94 47 97
1637641800 46 92 48 94
1637640000 47 90 48 92
1637638200 48 87 49 90
1637636400 49 85 50 87
1637634600 49 81 50 85
1637632800 50 78 51 81
1637631000 50 74 51 78
1637629200 51 70 52 74
1637627400 51 69 53 70
1637625600 53 70 56 70
1637623800 56 70 62 70
1637622000 62 70 66 70
1637620200 66 70 68 71
1637618400 68 71 68 71
1637616600 68 70 69 71
1637614800 69 70 70 70
1637613000 70 70 70 70
1637611200 69 70 70 70
1637609400 70 70 72 70
1637607600 69 70 71 70
1637605800 69 70 70 70
1637604000 69 70 70 70
1637602200 68 70 70 70
1637600400 67 70 70 70
1637598600 66 70 68 70
1637596800 63 70 66 70
1637595000 57 70 63 70
1637593200 54 70 57 70
1637591400 53 70 55 70
1637589600 53 70 54 71
1637587800 54 71 54 71
1637586000 54 71 56 71
1637584200 56 71 56 72
1637582400 56 72 56 72
1637580600 55 72 56 72
1637578800 54 72 55 73
1637577000 54 73 55 73
1637575200 55 73 56 74
1637573400 56 74 57 74
1637571600 56 74 57 75
1637569800 57 75 58 75
1637568000 58 75 59 75
1637566200 59 75 59 76
1637564400 59 76 60 76
1637562600 60 76 61 77
1637560800 61 77 62 77
1637559000 62 77 63 78
1637557200 63 78 64 78
1637555400 64 78 65 78
1637553600 64 78 65 79
1637551800 65 79 66 79
1637550000 65 79 67 80
1637548200 67 80 70 80
1637546400 69 80 71 80
1637544600 69 80 69 81
1637542800 69 81 70 81
1637541000 70 81 71 81
1637539200 71 81 71 81
1637537400 71 81 73 82
1637535600 73 82 76 82
1637533800 76 82 78 82
1637532000 78 82 78 82
1637530200 78 82 80 82
1637528400 79 82 80 82
1637526600 79 82 80 82
1637524800 79 82 81 82
1637523000 77 82 80 82
1637521200 77 82 77 82
1637519400 76 82 78 82
1637517600 78 82 79 83
1637515800 76 83 78 83
1637514000 75 83 78 83
1637512200 73 83 75 83
1637510400 73 83 75 83
1637508600 69 83 75 84
1637506800 67 84 69 84
1637505000 65 84 67 84
1637503200 64 84 65 85
1637501400 62 85 64 86
1637499600 60 86 62 86
1637497800 60 86 61 87
1637496000 60 87 61 88
1637494200 58 88 60 89
1637492400 58 89 58 90
1637490600 58 90 59 91
1637488800 59 91 60 92
1637487000 60 92 61 93
1637485200 60 93 61 94
1637483400 60 94 60 95
1637481600 59 95 60 97
1637479800 59 97 60 98
1637478000 60 98 62 100
1637476200 62 95 62 98
1637474400 62 91 63 95
1637472600 62 87 63 91
1637470800 63 83 65 87
1637469000 65 78 66 83
1637467200 65 74 67 78
1637465400 65 69 67 74
1637463600 64 69 65 69
1637461800 64 69 64 69
1637460000 63 69 64 69
1637458200 63 69 64 69
1637456400 64 69 65 69
1637454600 65 69 68 69
1637452800 68 69 69 69
1637451000 69 68 71 69
1637449200 71 68 73 68
1637447400 73 68 75 68
1637445600 74 68 75 68
1637443800 75 68 77 68
1637442000 76 67 77 68
1637440200 76 67 77 67
1637438400 76 67 77 67
1637436600 75 66 76 67
1637434800 75 66 76 66
1637433000 76 66 79 66
1637431200 76 65 78 66
1637429400 75 65 77 65
1637427600 74 65 75 65
1637425800 72 64 75 65
1637424000 68 64 71 64
1637422200 62 64 68 64
1637420400 57 64 60 64
1637418600 55 64 57 64
1637416800 53 64 55 64
1637415000 51 64 53 64
1637413200 50 64 51 64
1637411400 47 64 50 64
1637409600 45 64 47 64
1637407800 45 64 45 64
1637406000 45 64 45 65
1637404200 45 65 46 65
1637402400 45 65 45 65
1637400600 45 65 45 65
1637398800 45 65 45 66
1637397000 45 66 45 66
1637395200 45 66 45 66
1637393400 45 66 46 66
1637391600 45 66 46 67
1637389800 46 67 46 67
1637388000 46 67 46 67
1637386200 46 67 46 68
1637384400 46 68 47 68
1637382600 46 68 47 68
1637380800 47 68 47 69
1637379000 47 69 48 69
1637377200 48 69 48 69
1637375400 48 69 49 70
1637373600 49 70 49 70
1637371800 49 70 50 70
1637370000 50 70 51 71
1637368200 51 71 52 71
1637366400 52 71 55 71
1637364600 55 71 58 72
1637362800 58 72 62 72
1637361000 62 72 64 72
1637359200 64 72 65 72
1637357400 65 72 65 72
1637355600 65 72 66 72
1637353800 65 72 66 72
1637352000 65 72 66 72
1637350200 66 72 68 72
1637348400 66 72 67 72
1637346600 65 72 66 72
1637344800 64 72 66 72
1637343000 63 72 66 72
1637341200 62 72 64 73
1637339400 60 73 62 73
1637337600 57 73 62 73
1637335800 52 73 57 74
1637334000 49 74 51 74
1637332200 47 74 49 75
1637330400 43 75 47 75
1637328600 43 75 44 76
1637326800 43 76 44 77
1637325000 43 77 44 77
1637323200 44 77 46 78
1637321400 46 78 47 79
1637319600 47 79 48 80
1637317800 47 80 48 80
1637316000 48 80 48 81
1637314200 48 81 49 82
1637312400 49 82 49 83
1637310600 49 83 50 84
1637308800 49 84 50 85
1637307000 48 85 49 86
1637305200 48 86 49 87
1637303400 48 87 49 88
1637301600 49 88 50 89
1637299800 50 89 51 91
1637298000 50 91 50 92
1637296200 50 92 50 94
1637294400 50 94 52 95
1637292600 52 91 53 94
1637290800 53 88 54 91
1637289000 54 85 55 88
1637287200 54 80 55 85
1637285400 55 76 56 80
1637283600 56 72 59 76
1637281800 58 69 59 72
1637280000 58 69 60 69
1637278200 60 69 61 70
1637276400 61 70 62 70
1637274600 62 70 63 70
1637272800 63 70 65 70
1637271000 65 70 66 70
1637269200 65 70 66 70
1637267400 66 70 67 70
1637265600 67 70 69 70
1637263800 68 70 69 70
1637262000 68 70 69 70
1637260200 68 70 69 70
1637258400 67 70 69 70
1637256600 65 70 69 70
1637254800 66 70 68 70
1637253000 65 70 67 70
1637251200 62 70 66 70
1637249400 58 70 62 70
1637247600 58 70 59 70
1637245800 57 70 58 71
1637244000 57 71 58 71
1637242200 57 71 58 71
1637240400 58 71 58 72
1637238600 58 72 60 72
1637236800 60 72 61 72
1637235000 60 72 63 73
1637233200 62 73 64 73
1637231400 64 73 64 73
1637229600 64 73 66 73
1637227800 66 73 67 73
1637226000 65 73 66 73
1637224200 64 73 65 74
1637222400 65 74 66 74
1637220600 64 74 66 74
1637218800 64 74 65 74
1637217000 65 74 66 74
1637215200 65 74 66 74
1637213400 66 74 67 74
1637211600 67 74 69 74
1637209800 68 74 69 74
1637208000 68 74 69 75
1637206200 69 75 70 75
1637204400 69 75 71 75
1637202600 70 75 71 75
1637200800 69 75 70 75
1637199000 67 75 70 75
1637197200 67 75 67 75
1637195400 67 75 69 75
1637193600 69 75 72 75
1637191800 72 75 76 75
1637190000 77 75 79 75
1637188200 79 75 81 75
1637186400 81 75 82 75
1637184600 82 75 83 75
1637182800 82 75 84 75
1637181000 82 74 84 75
1637179200 84 74 85 74
1637177400 85 74 86 74
1637175600 84 73 85 74
1637173800 84 73 86 73
1637172000 83 72 85 73
1637170200 81 72 84 72
1637168400 80 72 84 72
1637166600 82 71 83 72
1637164800 79 71 82 71
1637163000 73 71 79 71
1637161200 68 71 71 71
1637159400 64 71 68 71
1637157600 62 71 64 71
1637155800 62 71 63 71
1637154000 63 71 63 71
1637152200 63 71 64 71
1637150400 61 71 63 71
1637148600 61 71 64 71
1637146800 62 71 64 71
1637145000 61 71 62 71
1637143200 61 71 62 72
1637141400 62 72 63 72
1637139600 62 72 63 72
1637137800 63 72 64 72
1637136000 64 72 65 72
1637134200 65 72 66 72
1637132400 65 72 66 72
1637130600 65 72 66 72
1637128800 66 72 67 73
1637127000 66 73 67 73
1637125200 66 73 67 73
1637123400 66 73 67 73
1637121600 67 73 68 73
1637119800 68 73 68 73
1637118000 68 73 69 73
1637116200 69 73 70 73
1637114400 70 73 70 73
1637112600 69 73 70 74
1637110800 70 74 72 74
1637109000 72 74 73 74
1637107200 73 74 74 74
1637105400 74 74 75 74
1637103600 75 74 77 74
1637101800 77 74 78 74
1637100000 77 73 79 74
1637098200 77 73 80 73
1637096400 80 73 81 73
1637094600 80 72 82 73
1637092800 81 72 82 72
1637091000 80 72 83 72
1637089200 80 71 83 72
1637087400 82 71 84 71
1637085600 80 71 83 71
1637083800 77 70 80 71
1637082000 77 70 81 70
1637080200 78 70 80 70
1637078400 77 69 80 70
1637076600 71 69 77 69
1637074800 65 69 70 69
1637073000 61 69 65 69
1637071200 58 69 61 69
1637069400 57 69 58 69
1637067600 56 69 57 69
1637065800 56 69 57 69
1637064000 57 69 57 70
1637062200 57 70 57 70
1637060400 57 70 58 70
1637058600 58 70 58 70
1637056800 58 70 59 70
1637055000 58 70 59 70
1637053200 58 70 59 71
1637051400 59 71 60 71
1637049600 59 71 60 71
1637047800 60 71 61 71
1637046000 61 71 61 71
1637044200 61 71 61 71
1637042400 61 71 62 72
1637040600 61 72 63 72
1637038800 63 72 63 72
1637037000 63 72 64 72
1637035200 64 72 65 72
1637033400 63 72 65 72
1637031600 63 72 65 72
1637029800 63 72 65 73
1637028000 63 73 64 73
1637026200 63 73 64 73
1637024400 63 73 64 73
1637022600 64 73 66 73
1637020800 66 73 69 73
1637019000 69 73 72 73
1637017200 73 73 77 73
1637015400 77 73 80 73
1637013600 80 73 81 73
1637011800 80 72 81 73
1637010000 80 72 81 73
1637008200 80 72 81 72
1637006400 80 71 82 72
1637004600 80 71 82 71
1637002800 81 71 83 71
1637001000 80 70 82 71
1636999200 79 70 80 70
1636997400 80 70 81 70
1636995600 79 69 82 70
1636993800 77 69 79 69
1636992000 75 69 78 69
1636990200 69 68 75 69
1636988400 61 68 66 68
1636986600 56 68 61 68
1636984800 53 68 56 69
1636977600 53 69 54 70
1636970400 54 70 54 71
1636963200 54 71 55 73
1636956000 55 73 57 74
1636948800 57 74 60 75
1636941600 59 75 63 77
1636934400 67 77 76 77
1636927200 76 77 78 77
1636920000 77 77 79 77
1636912800 74 77 78 77
1636905600 58 77 73 78
1636898400 44 78 48 82
1636891200 44 82 45 86
1636884000 44 87 44 92
1636876800 44 90 46 94
1636869600 45 84 47 88
1636862400 47 72 49 81
1636855200 48 63 52 68
1636848000 55 63 65 64
1636840800 65 62 67 63
1636833600 65 61 69 62
1636826400 63 60 67 61
1636819200 50 60 63 60
1636812000 39 60 43 61
1636804800 40 61 42 62
1636797600 42 62 45 63
1636790400 45 63 49 64
1636783200 49 64 54 65
1636776000 51 65 56 65
1636768800 56 65 60 66
1636761600 64 65 72 66
1636754400 72 64 75 65
1636747200 75 61 78 64
1636740000 72 59 77 61
1636732800 57 58 71 59
1636725600 45 58 49 59
1636718400 45 59 47 60
1636711200 46 60 48 62
1636704000 48 62 50 64
1636696800 50 64 53 66
1636689600 53 66 54 68
1636682400 55 68 59 69
1636675200 64 69 71 71
1636668000 71 71 75 71
1636660800 74 70 77 71
1636653600 69 70 74 70
1636646400 64 70 70 70
1636639200 66 70 68 70
1636632000 68 70 69 70
1636624800 68 70 69 70
1636617600 68 70 69 70
1636610400 67 70 69 70
1636603200 66 70 68 71
1636596000 67 71 72 71
1636588800 74 71 79 71
1636581600 79 70 82 71
1636574400 81 69 84 70
1636567200 77 67 84 69
1636560000 68 66 76 67
1636552800 62 66 65 66
1636545600 62 66 63 66
1636538400 62 66 63 66
1636531200 58 66 62 66
1636524000 58 66 60 67
1636516800 59 67 63 68
1636509600 63 68 65 68
1636502400 67 68 76 68
1636495200 75 67 77 68
1636488000 76 66 79 67
1636480800 74 64 77 66
1636473600 59 63 71 64
1636466400 51 63 54 64
1636459200 50 64 51 65
1636452000 50 65 51 67
1636444800 51 67 53 69
1636437600 53 69 55 70
1636430400 55 70 57 72
1636423200 57 72 62 74
1636416000 66 74 74 75
1636408800 74 75 77 75
1636401600 77 75 80 75
1636394400 74 74 79 75
1636387200 59 74 73 76
1636380000 45 76 50 80
1636372800 45 80 46 85
1636365600 46 86 47 91
1636358400 47 92 50 95
1636351200 50 93 53 96
1636344000 52 90 55 91
1636336800 55 83 59 90
1636329600 63 69 70 79
1636322400 70 62 72 64
1636315200 72 60 75 62
1636308000 70 59 74 60
1636300800 55 58 68 59
1636293600 43 58 47 58
1636286400 43 58 44 59
1636279200 43 59 44 60
1636272000 44 60 46 60
1636264800 46 60 47 61
1636257600 47 61 50 62
1636250400 50 62 54 62
1636243200 58 62 67 62
1636236000 67 61 68 62
1636228800 67 59 70 61
1636221600 66 58 70 59
1636214400 53 57 66 58
1636207200 40 57 46 57
1636200000 41 57 41 58
1636192800 41 58 42 59
1636185600 42 59 43 60
1636178400 43 60 45 60
1636171200 44 60 47 61
1636164000 47 61 51 62
1636156800 55 62 62 62
1636149600 62 61 64 62
1636142400 63 60 66 61
1636135200 62 58 64 60
1636128000 50 58 63 58
1636120800 40 58 45 59
1636113600 40 59 41 59
1636106400 41 59 43 60
1636099200 43 60 45 61
1636092000 45 61 48 62
1636084800 47 62 51 62
1636077600 52 62 55 63
1636070400 54 62 56 63
1636063200 54 62 56 63
1636056000 53 62 55 63
1636048800 50 63 53 63
1636041600 49 63 50 64
1636034400 48 64 49 64
1636027200 49 64 50 65
1636020000 50 65 52 66
1636012800 52 66 53 67
1636005600 52 67 54 67
1635998400 53 67 54 68
1635991200 55 68 57 69
1635984000 56 69 58 69
1635976800 56 69 59 70
1635969600 57 70 62 70
1635962400 63 70 66 71
1635955200 63 70 67 71
1635948000 59 70 61 71
1635940800 59 71 61 71
1635933600 58 71 61 72
1635926400 58 72 60 73
1635919200 60 73 61 74
1635912000 61 74 62 74
1635904800 62 74 66 75
1635897600 70 75 77 75
1635890400 75 74 80 75
1635883200 79 73 83 74
1635876000 76 72 82 73
1635868800 66 71 80 72
1635861600 54 71 59 72
1635854400 54 72 54 73
1635847200 54 73 56 74
1635840000 56 74 58 76
1635832800 57 76 59 77
1635825600 59 77 62 78
1635818400 62 78 65 79
1635811200 68 79 78 80
1635804000 78 80 79 80
1635796800 80 79 84 80
1635789600 78 79 82 79
1635782400 65 79 80 80
1635775200 49 80 57 82
1635768000 49 82 50 86
1635760800 49 86 51 90
1635753600 51 91 54 95
1635746400 54 91 56 95
1635739200 55 88 59 91
1635732000 59 79 64 87
1635724800 67 71 78 75
1635717600 78 70 80 71
1635710400 81 69 84 70
1635703200 79 67 83 69
1635696000 63 66 81 67
1635688800 46 66 52 67
1635681600 46 67 47 69
1635674400 47 69 48 70
1635667200 48 70 49 72
1635660000 49 72 51 73
1635652800 50 73 53 75
1635645600 53 75 58 77
1635638400 63 77 73 78
1635631200 73 77 75 78
1635624000 75 77 79 77
1635616800 73 77 77 78
1635609600 58 77 75 79
1635602400 42 79 49 82
1635595200 41 83 44 87
1635588000 43 87 45 92
1635580800 45 93 48 98
1635573600 48 99 51 102
1635566400 51 94 54 99
1635559200 56 85 64 91
1635552000 67 74 77 82
1635544800 71 65 74 70
1635537600 71 64 74 66
1635530400 69 63 73 64
1635523200 61 62 71 63
1635516000 50 62 56 63
1635508800 49 63 51 64
1635501600 51 64 55 65
1635494400 53 65 54 66
1635487200 53 66 57 67
1635480000 60 67 63 68
1635472800 65 68 68 69
1635465600 70 69 77 70
1635458400 74 69 76 76
1635451200 75 76 77 78
1635444000 73 72 77 77
1635436800 66 59 74 69
1635429600 55 54 62 56
1635422400 55 54 57 55
1635415200 54 55 56 58
1635408000 57 58 60 58
1635400800 58 58 61 61
1635393600 60 61 62 65
1635386400 62 66 66 71
1635379200 72 74 82 77
1635372000 77 75 79 77
1635364800 75 72 79 75
1635357600 67 64 74 69
1635350400 60 61 64 66
1635343200 70 72 77 76
1635336000 75 76 77 76
1635328800 75 76 76 77
1635321600 75 77 76 77
1635314400 76 77 77 78
1635307200 77 78 78 78
1635300000 77 78 79 79
1635292800 79 79 82 80
1635285600 82 80 85 80
1635278400 85 79 90 80
1635271200 84 78 90 79
1635264000 79 77 86 78
1635256800 72 77 77 77
1635249600 72 77 75 78
1635242400 73 78 75 78
1635235200 69 78 73 79
1635228000 70 79 72 80
1635220800 72 80 74 82
1635213600 74 82 77 83
1635206400 80 83 86 84
1635199200 85 83 87 84
1635192000 85 83 91 83
1635184800 82 83 88 83
1635177600 77 83 81 84
1635170400 75 84 77 85
1635163200 75 85 76 87
1635156000 75 87 76 89
1635148800 75 89 76 92
1635141600 74 92 77 95
1635134400 74 93 76 96
1635127200 75 88 76 92
1635120000 79 90 87 91
1635112800 87 91 89 92
1635105600 88 92 92 94
1635098400 85 94 90 95
1635091200 77 95 89 96
1635084000 69 95 73 96
1635076800 67 95 69 96
1635069600 65 95 67 95
1635062400 66 90 69 95
1635055200 69 86 72 88
1635048000 71 88 72 91
1635040800 71 91 75 93
1635033600 77 93 83 94
1635026400 81 94 83 95
1635019200 79 95 86 96
1635012000 82 96 88 98
1635004800 79 98 86 98
1634997600 71 98 76 98
1634990400 68 98 70 98
1634983200 68 98 69 98
1634976000 68 98 70 98
1634968800 69 98 71 98
1634961600 71 97 73 98
1634954400 72 87 74 97
1634947200 77 85 85 85
1634940000 84 85 88 85
1634932800 85 85 91 85
1634925600 85 84 90 85
1634918400 76 84 88 85
1634911200 66 85 70 86
1634904000 65 86 67 88
1634896800 66 88 67 91
1634889600 66 91 68 95
1634882400 67 94 70 97
1634875200 68 93 71 96
1634868000 71 95 76 96
1634860800 79 87 86 95
1634853600 85 79 88 81
1634846400 86 78 90 79
1634839200 81 77 88 78
1634832000 75 76 81 77
1634824800 66 76 72 76
1634817600 66 76 68 77
1634810400 68 76 70 77
1634803200 67 77 69 77
1634796000 67 77 69 78
1634788800 69 78 71 78
1634781600 71 78 74 78
1634774400 78 78 86 78
1634767200 85 77 88 78
1634760000 84 75 89 77
1634752800 83 74 89 75
1634745600 75 73 85 74
1634738400 66 73 71 73
1634731200 64 73 65 73
1634724000 63 73 65 74
1634716800 63 74 64 74
1634709600 64 74 68 74
1634702400 68 74 71 75
1634695200 70 74 72 75
1634688000 75 74 82 75
1634680800 81 73 83 74
1634673600 68 72 85 73
1634666400 57 72 57 72
1634659200 57 72 57 72
1634652000 57 72 57 72
1634644800 57 72 57 72
1634637600 57 72 57 72
1634630400 57 72 57 72
1634623200 57 72 57 72
1634616000 57 72 59 72
1634608800 59 72 63 73
1634601600 68 73 76 73
1634594400 76 72 78 73
1634587200 78 71 81 72
1634580000 77 69 81 71
1634572800 65 69 80 69
1634565600 49 69 55 70
1634558400 49 70 51 71
1634551200 51 71 53 72
1634544000 52 72 53 74
1634536800 52 74 54 75
1634529600 54 75 57 76
1634522400 57 76 62 78
1634515200 66 78 74 79
1634508000 73 79 75 79
1634500800 74 79 79 79
1634493600 76 79 79 80
1634486400 64 80 76 81
1634479200 48 81 57 84
1634472000 47 84 48 87
1634464800 48 88 50 92
1634457600 51 92 54 95
1634450400 54 84 55 90
1634443200 54 76 56 80
1634436000 57 72 63 76
1634428800 67 67 73 70
1634421600 73 67 75 67
1634414400 74 66 77 67
1634407200 73 66 76 66
1634400000 66 65 77 66
1634392800 59 66 61 68
1634385600 60 68 61 70
1634378400 61 70 63 72
1634371200 64 72 67 75
1634364000 67 75 70 77
1634356800 71 77 75 80
1634349600 75 80 79 82
1634342400 82 82 91 83
1634335200 91 80 91 80
1634328000 91 80 91 80
1634320800 88 79 91 80
1634313600 80 78 89 79
1634306400 76 78 78 78
1634299200 75 78 76 78
1634292000 75 78 75 78
1634284800 73 78 75 78
1634277600 72 78 73 79
1634270400 73 79 74 80
1634263200 74 80 77 81
1634256000 77 81 82 81
1634248800 27 27 82 81
1634241600 0 0 0 0
1634234400 0 0 0 0
1634227200 0 0 0 0
1634220000 0 0 0 0
1634212800 0 0 0 0
1634205600 0 0 0 0
1634198400 0 0 0 0
1634191200 0 0 0 0
1634184000 0 0 0 0
1634176800 0 0 0 0
1634169600 0 0 0 0
1634162400 0 0 0 0
1634155200 0 0 0 0
1634148000 0 0 0 0
1634140800 0 0 0 0
1634133600 0 0 0 0
1634126400 0 0 0 0
1634119200 0 0 0 0
1634112000 0 0 0 0
1634104800 0 0 0 0
1634097600 0 0 0 0
1634090400 0 0 0 0
1634083200 0 0 0 0
1634076000 0 0 0 0
1634068800 0 0 0 0
1634061600 0 0 0 0
1634054400 0 0 0 0
1634047200 0 0 0 0
1634040000 0 0 0 0
1634032800 0 0 0 0
1634025600 0 0 0 0
1634018400 0 0 0 0
1634011200 0 0 0 0
1634004000 0 0 0 0
1633996800 0 0 0 0
1633989600 0 0 0 0
1633982400 0 0 0 0
1633975200 0 0 0 0
1633968000 0 0 0 0
1633960800 0 0 0 0
1633953600 0 0 0 0
1633946400 0 0 0 0
1633939200 0 0 0 0
1633932000 0 0 0 0
1633924800 0 0 0 0
1633917600 0 0 0 0
1633910400 0 0 0 0
1633903200 0 0 0 0
1633896000 0 0 0 0
1633888800 0 0 0 0
1633881600 0 0 0 0
1633874400 0 0 0 0
1633867200 0 0 0 0
1633860000 0 0 0 0
1633852800 0 0 0 0
1633845600 0 0 0 0
1633838400 0 0 0 0
1633831200 0 0 0 0
1633824000 0 0 0 0
1633816800 0 0 0 0
1633809600 0 0 0 0
1633802400 0 0 0 0
1633795200 0 0 0 0
1633788000 0 0 0 0
1633780800 0 0 0 0
1633773600 0 0 0 0
1633766400 0 0 0 0
1633759200 0 0 0 0
1633752000 0 0 0 0
1633744800 0 0 0 0
1633737600 0 0 0 0
1633730400 0 0 0 0
1633723200 0 0 0 0
1633716000 0 0 0 0
1633708800 0 0 0 0
1633701600 0 0 0 0
1633694400 0 0 0 0
1633687200 0 0 0 0
1633680000 0 0 0 0
1633672800 0 0 0 0
1633665600 0 0 0 0
1633658400 0 0 0 0
1633651200 0 0 0 0
1633644000 0 0 0 0
1633636800 0 0 0 0
1633629600 0 0 0 0
1633622400 0 0 0 0
1633615200 0 0 0 0
1633608000 0 0 0 0
1633600800 0 0 0 0
1633593600 0 0 0 0
1633586400 0 0 0 0
1633579200 0 0 0 0
1633572000 0 0 0 0
1633564800 0 0 0 0
1633557600 0 0 0 0
1633550400 0 0 0 0
1633543200 0 0 0 0
1633536000 0 0 0 0
1633528800 0 0 0 0
1633521600 0 0 0 0
1633514400 0 0 0 0
1633507200 0 0 0 0
1633500000 0 0 0 0
1633492800 0 0 0 0
1633485600 0 0 0 0
1633478400 0 0 0 0
1633471200 0 0 0 0
1633464000 0 0 0 0
1633456800 0 0 0 0
1633449600 0 0 0 0
1633442400 0 0 0 0
1633435200 0 0 0 0
1633428000 0 0 0 0
1633420800 0 0 0 0
1633413600 0 0 0 0
1633406400 0 0 0 0
1633399200 0 0 0 0
1633392000 0 0 0 0
1633384800 0 0 0 0
1633377600 0 0 0 0
1633370400 0 0 0 0
1633363200 0 0 0 0
1633356000 0 0 0 0
1633348800 0 0 0 0
1633341600 0 0 0 0
1633334400 0 0 0 0
1633327200 0 0 0 0
1633320000 0 0 0 0
1633312800 0 0 0 0
1633305600 0 0 0 0
1633298400 0 0 0 0
1633291200 0 0 0 0
1633284000 0 0 0 0
1633276800 0 0 0 0
1633269600 0 0 0 0
1633262400 0 0 0 0
1633255200 0 0 0 0
1633248000 0 0 0 0
1633240800 0 0 0 0
1633233600 0 0 0 0
1633226400 0 0 0 0
1633219200 0 0 0 0
1633212000 0 0 0 0
1633204800 0 0 0 0
1633197600 0 0 0 0
1633190400 0 0 0 0
1633183200 0 0 0 0
1633176000 0 0 0 0
1633168800 0 0 0 0
1633161600 0 0 0 0
1633154400 0 0 0 0
1633147200 0 0 0 0
1633140000 0 0 0 0
1633132800 0 0 0 0
1633125600 0 0 0 0
1633118400 0 0 0 0
1633111200 0 0 0 0
1633104000 0 0 0 0
1633096800 0 0 0 0
1633089600 0 0 0 0
1633082400 0 0 0 0
1633075200 0 0 0 0
1633068000 0 0 0 0
1633060800 0 0 0 0
1633053600 0 0 0 0
1633046400 0 0 0 0
1633039200 0 0 0 0
1633032000 0 0 0 0
1633024800 0 0 0 0
1633017600 0 0 0 0
1633010400 0 0 0 0
1633003200 0 0 0 0
1632996000 0 0 0 0
1632988800 0 0 0 0
1632981600 0 0 0 0
1632974400 0 0 0 0
1632967200 0 0 0 0
1632960000 0 0 0 0
1632952800 0 0 0 0
1632945600 0 0 0 0
1632938400 0 0 0 0
1632931200 0 0 0 0
1632924000 0 0 0 0
1632916800 0 0 0 0
1632909600 0 0 0 0
1632902400 0 0 0 0
1632895200 0 0 0 0
1632888000 0 0 0 0
1632880800 0 0 0 0
1632873600 0 0 0 0
1632866400 0 0 0 0
1632859200 0 0 0 0
1632852000 0 0 0 0
1632844800 0 0 0 0
1632837600 0 0 0 0
1632830400 0 0 0 0
1632823200 0 0 0 0
1632816000 0 0 0 0
1632808800 0 0 0 0
1632801600 0 0 0 0
1632794400 0 0 0 0
1632787200 0 0 0 0
1632780000 0 0 0 0
1632772800 0 0 0 0
1632765600 0 0 0 0
1632758400 0 0 0 0
1632751200 0 0 0 0
1632744000 0 0 0 0
1632736800 0 0 0 0
1632729600 0 0 0 0
1632722400 0 0 0 0
1632715200 0 0 0 0
1632708000 0 0 0 0
1632700800 0 0 0 0
1632693600 0 0 0 0
1632686400 0 0 0 0
1632679200 0 0 0 0
1632672000 0 0 0 0
1632664800 0 0 0 0
1632614400 0 0 0 0
1632528000 0 0 0 0
1632441600 0 0 0 0
1632355200 0 0 0 0
1632268800 0 0 0 0
1632182400 0 0 0 0
1632096000 0 0 0 0
1632009600 0 0 0 0
1631923200 0 0 0 0
1631836800 0 0 0 0
1631750400 0 0 0 0
1631664000 0 0 0 0
1631577600 0 0 0 0
1631491200 0 0 0 0
1631404800 0 0 0 0
1631318400 0 0 0 0
1631232000 0 0 0 0
1631145600 0 0 0 0
1631059200 0 0 0 0
1630972800 0 0 0 0
1630886400 0 0 0 0
1630800000 0 0 0 0
1630713600 0 0 0 0
1630627200 0 0 0 0
1630540800 0 0 0 0
1630454400 0 0 0 0
1630368000 0 0 0 0
1630281600 0 0 0 0
1630195200 0 0 0 0
1630108800 0 0 0 0
1630022400 0 0 0 0
1629936000 0 0 0 0
1629849600 0 0 0 0
1629763200 0 0 0 0
1629676800 0 0 0 0
1629590400 0 0 0 0
1629504000 0 0 0 0
1629417600 0 0 0 0
1629331200 0 0 0 0
1629244800 0 0 0 0
1629158400 0 0 0 0
1629072000 0 0 0 0
1628985600 0 0 0 0
1628899200 0 0 0 0
1628812800 0 0 0 0
1628726400 0 0 0 0
1628640000 0 0 0 0
1628553600 0 0 0 0
1628467200 0 0 0 0
1628380800 0 0 0 0
1628294400 0 0 0 0
1628208000 0 0 0 0
1628121600 0 0 0 0
1628035200 0 0 0 0
1627948800 0 0 0 0
1627862400 0 0 0 0
1627776000 0 0 0 0
1627689600 0 0 0 0
1627603200 0 0 0 0
1627516800 0 0 0 0
1627430400 0 0 0 0
1627344000 0 0 0 0
1627257600 0 0 0 0
1627171200 0 0 0 0
1627084800 0 0 0 0
1626998400 0 0 0 0
1626912000 0 0 0 0
1626825600 0 0 0 0
1626739200 0 0 0 0
1626652800 0 0 0 0
1626566400 0 0 0 0
1626480000 0 0 0 0
1626393600 0 0 0 0
1626307200 0 0 0 0
1626220800 0 0 0 0
1626134400 0 0 0 0
1626048000 0 0 0 0
1625961600 0 0 0 0
1625875200 0 0 0 0
1625788800 0 0 0 0
1625702400 0 0 0 0
1625616000 0 0 0 0
1625529600 0 0 0 0
1625443200 0 0 0 0
1625356800 0 0 0 0
1625270400 0 0 0 0
1625184000 0 0 0 0
1625097600 0 0 0 0
1625011200 0 0 0 0
1624924800 0 0 0 0
1624838400 0 0 0 0
1624752000 0 0 0 0
1624665600 0 0 0 0
1624579200 0 0 0 0
1624492800 0 0 0 0
1624406400 0 0 0 0
1624320000 0 0 0 0
1624233600 0 0 0 0
1624147200 0 0 0 0
1624060800 0 0 0 0
1623974400 0 0 0 0
1623888000 0 0 0 0
1623801600 0 0 0 0
1623715200 0 0 0 0
1623628800 0 0 0 0
1623542400 0 0 0 0
1623456000 0 0 0 0
1623369600 0 0 0 0
1623283200 0 0 0 0
1623196800 0 0 0 0
1623110400 0 0 0 0
1623024000 0 0 0 0
1622937600 0 0 0 0
1622851200 0 0 0 0
1622764800 0 0 0 0
1622678400 0 0 0 0
1622592000 0 0 0 0
1622505600 0 0 0 0
1622419200 0 0 0 0
1622332800 0 0 0 0
1622246400 0 0 0 0
1622160000 0 0 0 0
1622073600 0 0 0 0
1621987200 0 0 0 0
1621900800 0 0 0 0
1621814400 0 0 0 0
1621728000 0 0 0 0
1621641600 0 0 0 0
1621555200 0 0 0 0
1621468800 0 0 0 0
1621382400 0 0 0 0
1621296000 0 0 0 0
1621209600 0 0 0 0
1621123200 0 0 0 0
1621036800 0 0 0 0
1620950400 0 0 0 0
1620864000 0 0 0 0
1620777600 0 0 0 0
1620691200 0 0 0 0
1620604800 0 0 0 0
1620518400 0 0 0 0
1620432000 0 0 0 0
1620345600 0 0 0 0
1620259200 0 0 0 0
1620172800 0 0 0 0
1620086400 0 0 0 0
1620000000 0 0 0 0
1619913600 0 0 0 0
1619827200 0 0 0 0
1619740800 0 0 0 0
1619654400 0 0 0 0
1619568000 0 0 0 0
1619481600 0 0 0 0
1619395200 0 0 0 0
1619308800 0 0 0 0
1619222400 0 0 0 0
1619136000 0 0 0 0
1619049600 0 0 0 0
1618963200 0 0 0 0
1618876800 0 0 0 0
1618790400 0 0 0 0
1618704000 0 0 0 0
1618617600 0 0 0 0
1618531200 0 0 0 0
1618444800 0 0 0 0
1618358400 0 0 0 0
1618272000 0 0 0 0
1618185600 0 0 0 0
1618099200 0 0 0 0
1618012800 0 0 0 0
1617926400 0 0 0 0
1617840000 0 0 0 0
1617753600 0 0 0 0
1617667200 0 0 0 0
1617580800 0 0 0 0
1617494400 0 0 0 0
1617408000 0 0 0 0
1617321600 0 0 0 0
1617235200 0 0 0 0
1617148800 0 0 0 0
1617062400 0 0 0 0
1616976000 0 0 0 0
1616889600 0 0 0 0
1616803200 0 0 0 0
1616716800 0 0 0 0
1616630400 0 0 0 0
1616544000 0 0 0 0
1616457600 0 0 0 0
1616371200 0 0 0 0
1616284800 0 0 0 0
1616198400 0 0 0 0
1616112000 0 0 0 0
1616025600 0 0 0 0
1615939200 0 0 0 0
1615852800 0 0 0 0
1615766400 0 0 0 0
1615680000 0 0 0 0
1615593600 0 0 0 0
1615507200 0 0 0 0
1615420800 0 0 0 0
1615334400 0 0 0 0
1615248000 0 0 0 0
1615161600 0 0 0 0
1615075200 0 0 0 0
1614988800 0 0 0 0
1614902400 0 0 0 0
1614816000 0 0 0 0
1614729600 0 0 0 0
1614643200 0 0 0 0
1614556800 0 0 0 0
1614470400 0 0 0 0
1614384000 0 0 0 0
1614297600 0 0 0 0
1614211200 0 0 0 0
1614124800 0 0 0 0
1614038400 0 0 0 0
1613952000 0 0 0 0
1613865600 0 0 0 0
1613779200 0 0 0 0
1613692800 0 0 0 0
1613606400 0 0 0 0
1613520000 0 0 0 0
1613433600 0 0 0 0
1613347200 0 0 0 0
1613260800 0 0 0 0
1613174400 0 0 0 0
1613088000 0 0 0 0
1613001600 0 0 0 0
1612915200 0 0 0 0
1612828800 0 0 0 0
1612742400 0 0 0 0
1612656000 0 0 0 0
1612569600 0 0 0 0
1612483200 0 0 0 0
1612396800 0 0 0 0
1612310400 0 0 0 0
1612224000 0 0 0 0
1612137600 0 0 0 0
1612051200 0 0 0 0
1611964800 0 0 0 0
1611878400 0 0 0 0
1611792000 0 0 0 0
1611705600 0 0 0 0
1611619200 0 0 0 0
1611532800 0 0 0 0
1611446400 0 0 0 0
1611360000 0 0 0 0
1611273600 0 0 0 0
1611187200 0 0 0 0
1611100800 0 0 0 0
1611014400 0 0 0 0
1610928000 0 0 0 0
1610841600 0 0 0 0
1610755200 0 0 0 0
1610668800 0 0 0 0
1610582400 0 0 0 0
1610496000 0 0 0 0
1610409600 0 0 0 0
1610323200 0 0 0 0
1610236800 0 0 0 0
1610150400 0 0 0 0
1610064000 0 0 0 0
1609977600 0 0 0 0
1609891200 0 0 0 0
1609804800 0 0 0 0
1609718400 0 0 0 0
1609632000 0 0 0 0
1609545600 0 0 0 0
1609459200 0 0 0 0
1609372800 0 0 0 0
1609286400 0 0 0 0
1609200000 0 0 0 0
1609113600 0 0 0 0
1609027200 0 0 0 0
1608940800 0 0 0 0
1608854400 0 0 0 0
1608768000 0 0 0 0
1608681600 0 0 0 0
1608595200 0 0 0 0
1608508800 0 0 0 0
1608422400 0 0 0 0
1608336000 0 0 0 0
1608249600 0 0 0 0
1608163200 0 0 0 0
1608076800 0 0 0 0
1607990400 0 0 0 0
1607904000 0 0 0 0
1607817600 0 0 0 0
1607731200 0 0 0 0
1607644800 0 0 0 0
1607558400 0 0 0 0
1607472000 0 0 0 0
1607385600 0 0 0 0
1607299200 0 0 0 0
1607212800 0 0 0 0
1607126400 0 0 0 0
1607040000 0 0 0 0
1606953600 0 0 0 0
1606867200 0 0 0 0
1606780800 0 0 0 0
1606694400 0 0 0 0
1606608000 0 0 0 0
1606521600 0 0 0 0
1606435200 0 0 0 0
1606348800 0 0 0 0
1606262400 0 0 0 0
1606176000 0 0 0 0
1606089600 0 0 0 0
1606003200 0 0 0 0
1605916800 0 0 0 0
1605830400 0 0 0 0
1605744000 0 0 0 0
1605657600 0 0 0 0
1605571200 0 0 0 0
1605484800 0 0 0 0
1605398400 0 0 0 0
1605312000 0 0 0 0
1605225600 0 0 0 0
1605139200 0 0 0 0
1605052800 0 0 0 0
1604966400 0 0 0 0
1604880000 0 0 0 0
1604793600 0 0 0 0
1604707200 0 0 0 0
1604620800 0 0 0 0
1604534400 0 0 0 0
1604448000 0 0 0 0
1604361600 0 0 0 0
1604275200 0 0 0 0
1604188800 0 0 0 0
1604102400 0 0 0 0
1604016000 0 0 0 0
1603929600 0 0 0 0
1603843200 0 0 0 0
1603756800 0 0 0 0
1603670400 0 0 0 0
1603584000 0 0 0 0
1603497600 0 0 0 0
1603411200 0 0 0 0
1603324800 0 0 0 0
1603238400 0 0 0 0
1603152000 0 0 0 0
1603065600 0 0 0 0
1602979200 0 0 0 0
1602892800 0 0 0 0
1602806400 0 0 0 0
1602720000 0 0 0 0
1602633600 0 0 0 0
1602547200 0 0 0 0
1602460800 0 0 0 0
1602374400 0 0 0 0
1602288000 0 0 0 0
1602201600 0 0 0 0
1602115200 0 0 0 0
1602028800 0 0 0 0
1601942400 0 0 0 0
1601856000 0 0 0 0
1601769600 0 0 0 0
1601683200 0 0 0 0
1601596800 0 0 0 0
1601510400 0 0 0 0
1601424000 0 0 0 0
1601337600 0 0 0 0
1601251200 0 0 0 0
1601164800 0 0 0 0
1601078400 0 0 0 0
1600992000 0 0 0 0
1600905600 0 0 0 0
1600819200 0 0 0 0
1600732800 0 0 0 0
1600646400 0 0 0 0
1600560000 0 0 0 0
1600473600 0 0 0 0
1600387200 0 0 0 0
1600300800 0 0 0 0
1600214400 0 0 0 0
1600128000 0 0 0 0
1600041600 0 0 0 0
1599955200 0 0 0 0
1599868800 0 0 0 0
1599782400 0 0 0 0
1599696000 0 0 0 0
1599609600 0 0 0 0
1599523200 0 0 0 0
1599436800 0 0 0 0
1599350400 0 0 0 0
1599264000 0 0 0 0
1599177600 0 0 0 0
1599091200 0 0 0 0
1599004800 0 0 0 0
1598918400 0 0 0 0
1598832000 0 0 0 0
1598745600 0 0 0 0
1598659200 0 0 0 0
1598572800 0 0 0 0
1598486400 0 0 0 0
1598400000 0 0 0 0
1598313600 0 0 0 0
1598227200 0 0 0 0
1598140800 0 0 0 0
1598054400 0 0 0 0
1597968000 0 0 0 0
1597881600 0 0 0 0
1597795200 0 0 0 0
1597708800 0 0 0 0
1597622400 0 0 0 0
1597536000 0 0 0 0
1597449600 0 0 0 0
1597363200 0 0 0 0
1597276800 0 0 0 0
1597190400 0 0 0 0
1597104000 0 0 0 0
1597017600 0 0 0 0
1596931200 0 0 0 0
1596844800 0 0 0 0
1596758400 0 0 0 0
1596672000 0 0 0 0
1596585600 0 0 0 0
1596499200 0 0 0 0
1596412800 0 0 0 0
1596326400 0 0 0 0
1596240000 0 0 0 0
1596153600 0 0 0 0
1596067200 0 0 0 0
1595980800 0 0 0 0
1595894400 0 0 0 0
1595808000 0 0 0 0
1595721600 0 0 0 0
1595635200 0 0 0 0
1595548800 0 0 0 0
1595462400 0 0 0 0
1595376000 0 0 0 0
1595289600 0 0 0 0
1595203200 0 0 0 0
1595116800 0 0 0 0
1595030400 0 0 0 0
1594944000 0 0 0 0
1594857600 0 0 0 0
1594771200 0 0 0 0
1594684800 0 0 0 0
1594598400 0 0 0 0
1594512000 0 0 0 0
1594425600 0 0 0 0
1594339200 0 0 0 0
1594252800 0 0 0 0
1594166400 0 0 0 0
1594080000 0 0 0 0
1593993600 0 0 0 0
1593907200 0 0 0 0
1593820800 0 0 0 0
1593734400 0 0 0 0
1593648000 0 0 0 0
1593561600 0 0 0 0
1593475200 0 0 0 0
1593388800 0 0 0 0
1593302400 0 0 0 0
1593216000 0 0 0 0
1593129600 0 0 0 0
1593043200 0 0 0 0
1592956800 0 0 0 0
1592870400 0 0 0 0
1592784000 0 0 0 0
1592697600 0 0 0 0
1592611200 0 0 0 0
1592524800 0 0 0 0
1592438400 0 0 0 0
1592352000 0 0 0 0
1592265600 0 0 0 0
1592179200 0 0 0 0
1592092800 0 0 0 0
1592006400 0 0 0 0
1591920000 0 0 0 0
1591833600 0 0 0 0
1591747200 0 0 0 0
1591660800 0 0 0 0
1591574400 0 0 0 0
1591488000 0 0 0 0
1591401600 0 0 0 0
1591315200 0 0 0 0
1591228800 0 0 0 0
1591142400 0 0 0 0
1591056000 0 0 0 0
1590969600 0 0 0 0
1590883200 0 0 0 0
1590796800 0 0 0 0
1590710400 0 0 0 0
1590624000 0 0 0 0
1590537600 0 0 0 0
1590451200 0 0 0 0
1590364800 0 0 0 0
1590278400 0 0 0 0
1590192000 0 0 0 0
1590105600 0 0 0 0
1590019200 0 0 0 0
1589932800 0 0 0 0
1589846400 0 0 0 0
1589760000 0 0 0 0
1589673600 0 0 0 0
1589587200 0 0 0 0
1589500800 0 0 0 0
1589414400 0 0 0 0
1589328000 0 0 0 0
1589241600 0 0 0 0
1589155200 0 0 0 0
1589068800 0 0 0 0
1588982400 0 0 0 0
1588896000 0 0 0 0
1588809600 0 0 0 0
1588723200 0 0 0 0
1588636800 0 0 0 0
1588550400 0 0 0 0
1588464000 0 0 0 0
1588377600 0 0 0 0
1588291200 0 0 0 0
1588204800 0 0 0 0
1588118400 0 0 0 0
1588032000 0 0 0 0
1587945600 0 0 0 0
1587859200 0 0 0 0
1587772800 0 0 0 0
1587686400 0 0 0 0
1587600000 0 0 0 0
1587513600 0 0 0 0
1587427200 0 0 0 0
1587340800 0 0 0 0
1587254400 0 0 0 0
1587168000 0 0 0 0
1587081600 0 0 0 0
1586995200 0 0 0 0
1586908800 0 0 0 0
1586822400 0 0 0 0
1586736000 0 0 0 0
1586649600 0 0 0 0
1586563200 0 0 0 0
1586476800 0 0 0 0
1586390400 0 0 0 0
1586304000 0 0 0 0
1586217600 0 0 0 0
1586131200 0 0 0 0
1586044800 0 0 0 0
1585958400 0 0 0 0
1585872000 0 0 0 0
1585785600 0 0 0 0
1585699200 0 0 0 0
1585612800 0 0 0 0
1585526400 0 0 0 0
1585440000 0 0 0 0
1585353600 0 0 0 0
1585267200 0 0 0 0
1585180800 0 0 0 0
1585094400 0 0 0 0
1585008000 0 0 0 0
1584921600 0 0 0 0
1584835200 0 0 0 0
1584748800 0 0 0 0
1584662400 0 0 0 0
1584576000 0 0 0 0
1584489600 0 0 0 0
1584403200 0 0 0 0
1584316800 0 0 0 0
1584230400 0 0 0 0
1584144000 0 0 0 0
1584057600 0 0 0 0
1583971200 0 0 0 0
1583884800 0 0 0 0
1583798400 0 0 0 0
1583712000 0 0 0 0
1583625600 0 0 0 0
1583539200 0 0 0 0
1583452800 0 0 0 0
1583366400 0 0 0 0
1583280000 0 0 0 0
1583193600 0 0 0 0
1583107200 0 0 0 0
1583020800 0 0 0 0
1582934400 0 0 0 0
1582848000 0 0 0 0
1582761600 0 0 0 0
1582675200 0 0 0 0
1582588800 0 0 0 0
1582502400 0 0 0 0
1582416000 0 0 0 0
1582329600 0 0 0 0
1582243200 0 0 0 0
1582156800 0 0 0 0
1582070400 0 0 0 0
1581984000 0 0 0 0
1581897600 0 0 0 0
1581811200 0 0 0 0
1581724800 0 0 0 0
1581638400 0 0 0 0
1581552000 0 0 0 0
1581465600 0 0 0 0
1581379200 0 0 0 0
1581292800 0 0 0 0
1581206400 0 0 0 0
1581120000 0 0 0 0
1581033600 0 0 0 0
1580947200 0 0 0 0
1580860800 0 0 0 0
1580774400 0 0 0 0
1580688000 0 0 0 0
1580601600 0 0 0 0
1580515200 0 0 0 0
1580428800 0 0 0 0
1580342400 0 0 0 0
1580256000 0 0 0 0
1580169600 0 0 0 0
1580083200 0 0 0 0
1579996800 0 0 0 0
1579910400 0 0 0 0
1579824000 0 0 0 0
1579737600 0 0 0 0
1579651200 0 0 0 0
1579564800 0 0 0 0
1579478400 0 0 0 0
1579392000 0 0 0 0
1579305600 0 0 0 0
1579219200 0 0 0 0
1579132800 0 0 0 0
1579046400 0 0 0 0
1578960000 0 0 0 0
1578873600 0 0 0 0
1578787200 0 0 0 0
1578700800 0 0 0 0
1578614400 0 0 0 0
1578528000 0 0 0 0
1578441600 0 0 0 0
1578355200 0 0 0 0
1578268800 0 0 0 0
1578182400 0 0 0 0
1578096000 0 0 0 0
1578009600 0 0 0 0
1577923200 0 0 0 0
1577836800 0 0 0 0
1577750400 0 0 0 0
1577664000 0 0 0 0
1577577600 0 0 0 0
1577491200 0 0 0 0
1577404800 0 0 0 0
1577318400 0 0 0 0
1577232000 0 0 0 0
1577145600 0 0 0 0
1577059200 0 0 0 0
1576972800 0 0 0 0
1576886400 0 0 0 0
1576800000 0 0 0 0
1576713600 0 0 0 0
1576627200 0 0 0 0
1576540800 0 0 0 0
1576454400 0 0 0 0
1576368000 0 0 0 0
1576281600 0 0 0 0
1576195200 0 0 0 0
1576108800 0 0 0 0
1576022400 0 0 0 0
1575936000 0 0 0 0
1575849600 0 0 0 0
1575763200 0 0 0 0
1575676800 0 0 0 0
1575590400 0 0 0 0
1575504000 0 0 0 0
1575417600 0 0 0 0
1575331200 0 0 0 0
1575244800 0 0 0 0
1575158400 0 0 0 0
1575072000 0 0 0 0
1574985600 0 0 0 0
1574899200 0 0 0 0
1574812800 0 0 0 0
1574726400 0 0 0 0
1574640000 0 0 0 0
1574553600 0 0 0 0
1574467200 0 0 0 0
1574380800 0 0 0 0
1574294400 0 0 0 0
1574208000 0 0 0 0
1574121600 0 0 0 0
1574035200 0 0 0 0
1573948800 0 0 0 0
1573862400 0 0 0 0
1573776000 0 0 0 0
1573689600 0 0 0 0
1573603200 0 0 0 0
1573516800 0 0 0 0
1573430400 0 0 0 0
1573344000 0 0 0 0
1573257600 0 0 0 0
1573171200 0 0 0 0
1573084800 0 0 0 0
1572998400 0 0 0 0
1572912000 0 0 0 0
1572825600 0 0 0 0
1572739200 0 0 0 0
1572652800 0 0 0 0
1572566400 0 0 0 0
1572480000 0 0 0 0
1572393600 0 0 0 0
1572307200 0 0 0 0
1572220800 0 0 0 0
1572134400 0 0 0 0
1572048000 0 0 0 0
1571961600 0 0 0 0
1571875200 0 0 0 0
1571788800 0 0 0 0
1571702400 0 0 0 0
1571616000 0 0 0 0
1571529600 0 0 0 0
1571443200 0 0 0 0
1571356800 0 0 0 0
1571270400 0 0 0 0
1571184000 0 0 0 0
1571097600 0 0 0 0
1571011200 0 0 0 0
1570924800 0 0 0 0
1570838400 0 0 0 0
1570752000 0 0 0 0
1570665600 0 0 0 0
1570579200 0 0 0 0
1570492800 0 0 0 0
1570406400 0 0 0 0
1570320000 0 0 0 0
1570233600 0 0 0 0
1570147200 0 0 0 0
1570060800 0 0 0 0
1569974400 0 0 0 0
1569888000 0 0 0 0
1569801600 0 0 0 0
1569715200 0 0 0 0
1569628800 0 0 0 0
1569542400 0 0 0 0
1569456000 0 0 0 0
